{"/mnt/c/Users/israe/Documents/Projects/PoissonDiscDistribution/lib/Point2.ts": {"path":"/mnt/c/Users/israe/Documents/Projects/PoissonDiscDistribution/lib/Point2.ts","statementMap":{"0":{"start":{"line":1,"column":0},"end":{"line":1,"column":36}},"1":{"start":{"line":3,"column":0},"end":{"line":3,"column":13}},"2":{"start":{"line":5,"column":62},"end":{"line":5,"column":71}},"3":{"start":{"line":5,"column":115},"end":{"line":5,"column":124}},"4":{"start":{"line":10,"column":9},"end":{"line":14,"column":null}},"5":{"start":{"line":11,"column":36},"end":{"line":11,"column":83}},"6":{"start":{"line":13,"column":4},"end":{"line":13,"column":36}},"7":{"start":{"line":19,"column":9},"end":{"line":28,"column":null}},"8":{"start":{"line":21,"column":22},"end":{"line":21,"column":49}},"9":{"start":{"line":22,"column":22},"end":{"line":22,"column":55}},"10":{"start":{"line":24,"column":22},"end":{"line":24,"column":46}},"11":{"start":{"line":25,"column":22},"end":{"line":25,"column":46}},"12":{"start":{"line":27,"column":4},"end":{"line":27,"column":28}},"13":{"start":{"line":33,"column":16},"end":{"line":35,"column":null}},"14":{"start":{"line":34,"column":4},"end":{"line":34,"column":55}},"15":{"start":{"line":37,"column":9},"end":{"line":46,"column":null}},"16":{"start":{"line":38,"column":30},"end":{"line":38,"column":69}},"17":{"start":{"line":39,"column":32},"end":{"line":39,"column":149}},"18":{"start":{"line":40,"column":4},"end":{"line":43,"column":null}},"19":{"start":{"line":41,"column":6},"end":{"line":41,"column":60}},"20":{"start":{"line":42,"column":6},"end":{"line":42,"column":139}},"21":{"start":{"line":45,"column":4},"end":{"line":45,"column":23}},"22":{"start":{"line":47,"column":0},"end":{"line":47,"column":null}},"23":{"start":{"line":3,"column":13},"end":{"line":3,"column":19}}},"fnMap":{"0":{"name":"(anonymous_0)","decl":{"start":{"line":3,"column":0},"end":{"line":3,"column":13}},"loc":{"start":{"line":3,"column":0},"end":{"line":47,"column":null}}},"1":{"name":"Point2","decl":{"start":{"line":5,"column":2},"end":{"line":5,"column":21}},"loc":{"start":{"line":5,"column":124},"end":{"line":5,"column":128}}},"2":{"name":"(anonymous_2)","decl":{"start":{"line":10,"column":2},"end":{"line":10,"column":9}},"loc":{"start":{"line":10,"column":31},"end":{"line":14,"column":3}}},"3":{"name":"(anonymous_3)","decl":{"start":{"line":19,"column":2},"end":{"line":19,"column":9}},"loc":{"start":{"line":19,"column":47},"end":{"line":28,"column":3}}},"4":{"name":"(anonymous_4)","decl":{"start":{"line":33,"column":2},"end":{"line":33,"column":16}},"loc":{"start":{"line":33,"column":93},"end":{"line":35,"column":3}}},"5":{"name":"(anonymous_5)","decl":{"start":{"line":37,"column":2},"end":{"line":37,"column":9}},"loc":{"start":{"line":37,"column":70},"end":{"line":46,"column":3}}}},"branchMap":{"0":{"loc":{"start":{"line":39,"column":32},"end":{"line":39,"column":88}},"type":"binary-expr","locations":[{"start":{"line":39,"column":32},"end":{"line":39,"column":88}},{"start":{"line":39,"column":92},"end":{"line":39,"column":149}}]},"1":{"loc":{"start":{"line":42,"column":21},"end":{"line":42,"column":77}},"type":"binary-expr","locations":[{"start":{"line":42,"column":21},"end":{"line":42,"column":77}},{"start":{"line":42,"column":81},"end":{"line":42,"column":138}}]}},"s":{"0":1,"1":1,"2":5,"3":5,"4":1,"5":3,"6":3,"7":1,"8":1,"9":1,"10":1,"11":1,"12":1,"13":1,"14":2,"15":1,"16":1,"17":1,"18":1,"19":0,"20":0,"21":1,"22":1,"23":1},"f":{"0":1,"1":5,"2":3,"3":1,"4":2,"5":1},"b":{"0":[1,1],"1":[0,0]}}
,"/mnt/c/Users/israe/Documents/Projects/PoissonDiscDistribution/lib/Vector2.ts": {"path":"/mnt/c/Users/israe/Documents/Projects/PoissonDiscDistribution/lib/Vector2.ts","statementMap":{"0":{"start":{"line":1,"column":0},"end":{"line":1,"column":13}},"1":{"start":{"line":12,"column":63},"end":{"line":12,"column":72}},"2":{"start":{"line":12,"column":117},"end":{"line":12,"column":126}},"3":{"start":{"line":13,"column":4},"end":{"line":13,"column":38}},"4":{"start":{"line":14,"column":4},"end":{"line":14,"column":53}},"5":{"start":{"line":17,"column":10},"end":{"line":19,"column":null}},"6":{"start":{"line":18,"column":4},"end":{"line":18,"column":66}},"7":{"start":{"line":24,"column":9},"end":{"line":31,"column":null}},"8":{"start":{"line":25,"column":30},"end":{"line":25,"column":44}},"9":{"start":{"line":26,"column":25},"end":{"line":26,"column":43}},"10":{"start":{"line":27,"column":25},"end":{"line":27,"column":43}},"11":{"start":{"line":28,"column":32},"end":{"line":28,"column":55}},"12":{"start":{"line":30,"column":4},"end":{"line":30,"column":22}},"13":{"start":{"line":33,"column":0},"end":{"line":33,"column":null}},"14":{"start":{"line":1,"column":13},"end":{"line":1,"column":20}}},"fnMap":{"0":{"name":"(anonymous_0)","decl":{"start":{"line":1,"column":0},"end":{"line":1,"column":13}},"loc":{"start":{"line":1,"column":0},"end":{"line":33,"column":null}}},"1":{"name":"Vector2","decl":{"start":{"line":12,"column":2},"end":{"line":12,"column":21}},"loc":{"start":{"line":12,"column":126},"end":{"line":15,"column":3}}},"2":{"name":"(anonymous_2)","decl":{"start":{"line":17,"column":2},"end":{"line":17,"column":10}},"loc":{"start":{"line":17,"column":2},"end":{"line":19,"column":3}}},"3":{"name":"(anonymous_3)","decl":{"start":{"line":24,"column":2},"end":{"line":24,"column":9}},"loc":{"start":{"line":24,"column":2},"end":{"line":31,"column":3}}}},"branchMap":{},"s":{"0":1,"1":3,"2":3,"3":3,"4":3,"5":1,"6":6,"7":1,"8":0,"9":0,"10":0,"11":0,"12":0,"13":1,"14":1},"f":{"0":1,"1":3,"2":6,"3":0},"b":{}}
}
