{"/mnt/c/Users/israe/Documents/Projects/PoissonDiscDistribution/lib/Point2.ts": {"path":"/mnt/c/Users/israe/Documents/Projects/PoissonDiscDistribution/lib/Point2.ts","statementMap":{"0":{"start":{"line":1,"column":0},"end":{"line":1,"column":36}},"1":{"start":{"line":6,"column":0},"end":{"line":6,"column":13}},"2":{"start":{"line":8,"column":62},"end":{"line":8,"column":71}},"3":{"start":{"line":8,"column":115},"end":{"line":8,"column":124}},"4":{"start":{"line":13,"column":9},"end":{"line":17,"column":null}},"5":{"start":{"line":14,"column":36},"end":{"line":14,"column":83}},"6":{"start":{"line":16,"column":4},"end":{"line":16,"column":36}},"7":{"start":{"line":23,"column":9},"end":{"line":32,"column":null}},"8":{"start":{"line":25,"column":22},"end":{"line":25,"column":49}},"9":{"start":{"line":26,"column":22},"end":{"line":26,"column":55}},"10":{"start":{"line":28,"column":22},"end":{"line":28,"column":46}},"11":{"start":{"line":29,"column":22},"end":{"line":29,"column":46}},"12":{"start":{"line":31,"column":4},"end":{"line":31,"column":28}},"13":{"start":{"line":40,"column":16},"end":{"line":42,"column":null}},"14":{"start":{"line":41,"column":4},"end":{"line":41,"column":55}},"15":{"start":{"line":49,"column":9},"end":{"line":58,"column":null}},"16":{"start":{"line":50,"column":30},"end":{"line":50,"column":69}},"17":{"start":{"line":51,"column":32},"end":{"line":51,"column":149}},"18":{"start":{"line":52,"column":4},"end":{"line":55,"column":null}},"19":{"start":{"line":53,"column":6},"end":{"line":53,"column":60}},"20":{"start":{"line":54,"column":6},"end":{"line":54,"column":139}},"21":{"start":{"line":57,"column":4},"end":{"line":57,"column":23}},"22":{"start":{"line":59,"column":0},"end":{"line":59,"column":null}},"23":{"start":{"line":6,"column":13},"end":{"line":6,"column":19}}},"fnMap":{"0":{"name":"(anonymous_0)","decl":{"start":{"line":6,"column":0},"end":{"line":6,"column":13}},"loc":{"start":{"line":6,"column":0},"end":{"line":59,"column":null}}},"1":{"name":"Point2","decl":{"start":{"line":8,"column":2},"end":{"line":8,"column":21}},"loc":{"start":{"line":8,"column":124},"end":{"line":8,"column":128}}},"2":{"name":"(anonymous_2)","decl":{"start":{"line":13,"column":2},"end":{"line":13,"column":9}},"loc":{"start":{"line":13,"column":31},"end":{"line":17,"column":3}}},"3":{"name":"(anonymous_3)","decl":{"start":{"line":23,"column":2},"end":{"line":23,"column":9}},"loc":{"start":{"line":23,"column":47},"end":{"line":32,"column":3}}},"4":{"name":"(anonymous_4)","decl":{"start":{"line":40,"column":2},"end":{"line":40,"column":16}},"loc":{"start":{"line":40,"column":93},"end":{"line":42,"column":3}}},"5":{"name":"(anonymous_5)","decl":{"start":{"line":49,"column":2},"end":{"line":49,"column":9}},"loc":{"start":{"line":49,"column":78},"end":{"line":58,"column":3}}}},"branchMap":{"0":{"loc":{"start":{"line":51,"column":32},"end":{"line":51,"column":88}},"type":"binary-expr","locations":[{"start":{"line":51,"column":32},"end":{"line":51,"column":88}},{"start":{"line":51,"column":92},"end":{"line":51,"column":149}}]},"1":{"loc":{"start":{"line":54,"column":21},"end":{"line":54,"column":77}},"type":"binary-expr","locations":[{"start":{"line":54,"column":21},"end":{"line":54,"column":77}},{"start":{"line":54,"column":81},"end":{"line":54,"column":138}}]}},"s":{"0":1,"1":1,"2":7,"3":7,"4":1,"5":9,"6":9,"7":1,"8":3,"9":3,"10":3,"11":3,"12":3,"13":1,"14":8,"15":1,"16":1,"17":1,"18":1,"19":2,"20":2,"21":1,"22":1,"23":1},"f":{"0":1,"1":7,"2":9,"3":3,"4":8,"5":1},"b":{"0":[1,1],"1":[2,2]}}
,"/mnt/c/Users/israe/Documents/Projects/PoissonDiscDistribution/lib/Vector2.ts": {"path":"/mnt/c/Users/israe/Documents/Projects/PoissonDiscDistribution/lib/Vector2.ts","statementMap":{"0":{"start":{"line":1,"column":0},"end":{"line":1,"column":13}},"1":{"start":{"line":12,"column":63},"end":{"line":12,"column":72}},"2":{"start":{"line":12,"column":117},"end":{"line":12,"column":126}},"3":{"start":{"line":13,"column":4},"end":{"line":13,"column":38}},"4":{"start":{"line":14,"column":4},"end":{"line":14,"column":53}},"5":{"start":{"line":17,"column":10},"end":{"line":19,"column":null}},"6":{"start":{"line":18,"column":4},"end":{"line":18,"column":66}},"7":{"start":{"line":24,"column":9},"end":{"line":31,"column":null}},"8":{"start":{"line":25,"column":30},"end":{"line":25,"column":44}},"9":{"start":{"line":26,"column":25},"end":{"line":26,"column":43}},"10":{"start":{"line":27,"column":25},"end":{"line":27,"column":43}},"11":{"start":{"line":28,"column":32},"end":{"line":28,"column":55}},"12":{"start":{"line":30,"column":4},"end":{"line":30,"column":22}},"13":{"start":{"line":33,"column":0},"end":{"line":33,"column":null}},"14":{"start":{"line":1,"column":13},"end":{"line":1,"column":20}}},"fnMap":{"0":{"name":"(anonymous_0)","decl":{"start":{"line":1,"column":0},"end":{"line":1,"column":13}},"loc":{"start":{"line":1,"column":0},"end":{"line":33,"column":null}}},"1":{"name":"Vector2","decl":{"start":{"line":12,"column":2},"end":{"line":12,"column":21}},"loc":{"start":{"line":12,"column":126},"end":{"line":15,"column":3}}},"2":{"name":"(anonymous_2)","decl":{"start":{"line":17,"column":2},"end":{"line":17,"column":10}},"loc":{"start":{"line":17,"column":2},"end":{"line":19,"column":3}}},"3":{"name":"(anonymous_3)","decl":{"start":{"line":24,"column":2},"end":{"line":24,"column":9}},"loc":{"start":{"line":24,"column":2},"end":{"line":31,"column":3}}}},"branchMap":{},"s":{"0":2,"1":14,"2":14,"3":14,"4":14,"5":2,"6":28,"7":2,"8":1,"9":1,"10":1,"11":1,"12":1,"13":2,"14":2},"f":{"0":2,"1":14,"2":28,"3":1},"b":{}}
}
