TN:
SF:/mnt/c/Users/israe/Documents/Projects/PoissonDiscDistribution/lib/Point2.ts
FN:3,(anonymous_0)
FN:5,Point2
FN:10,(anonymous_2)
FN:19,(anonymous_3)
FN:33,(anonymous_4)
FN:37,(anonymous_5)
FNF:6
FNH:6
FNDA:1,(anonymous_0)
FNDA:5,Point2
FNDA:3,(anonymous_2)
FNDA:1,(anonymous_3)
FNDA:2,(anonymous_4)
FNDA:1,(anonymous_5)
DA:1,1
DA:3,1
DA:5,5
DA:10,1
DA:11,3
DA:13,3
DA:19,1
DA:21,1
DA:22,1
DA:24,1
DA:25,1
DA:27,1
DA:33,1
DA:34,2
DA:37,1
DA:38,1
DA:39,1
DA:40,1
DA:41,0
DA:42,0
DA:45,1
DA:47,1
LF:22
LH:20
BRDA:39,0,0,1
BRDA:39,0,1,1
BRDA:42,1,0,0
BRDA:42,1,1,0
BRF:4
BRH:2
end_of_record
TN:
SF:/mnt/c/Users/israe/Documents/Projects/PoissonDiscDistribution/lib/Vector2.ts
FN:1,(anonymous_0)
FN:12,Vector2
FN:17,(anonymous_2)
FN:24,(anonymous_3)
FNF:4
FNH:3
FNDA:1,(anonymous_0)
FNDA:3,Vector2
FNDA:6,(anonymous_2)
FNDA:0,(anonymous_3)
DA:1,1
DA:12,3
DA:13,3
DA:14,3
DA:17,1
DA:18,6
DA:24,1
DA:25,0
DA:26,0
DA:27,0
DA:28,0
DA:30,0
DA:33,1
LF:13
LH:8
BRF:0
BRH:0
end_of_record
