TN:
SF:/mnt/c/Users/israe/Documents/Projects/PoissonDiscDistribution/lib/Point2.ts
FN:6,(anonymous_0)
FN:8,Point2
FN:13,(anonymous_2)
FN:23,(anonymous_3)
FN:40,(anonymous_4)
FN:49,(anonymous_5)
FNF:6
FNH:6
FNDA:1,(anonymous_0)
FNDA:7,Point2
FNDA:9,(anonymous_2)
FNDA:3,(anonymous_3)
FNDA:8,(anonymous_4)
FNDA:1,(anonymous_5)
DA:1,1
DA:6,1
DA:8,7
DA:13,1
DA:14,9
DA:16,9
DA:23,1
DA:25,3
DA:26,3
DA:28,3
DA:29,3
DA:31,3
DA:40,1
DA:41,8
DA:49,1
DA:50,1
DA:51,1
DA:52,1
DA:53,2
DA:54,2
DA:57,1
DA:59,1
LF:22
LH:22
BRDA:51,0,0,1
BRDA:51,0,1,1
BRDA:54,1,0,2
BRDA:54,1,1,2
BRF:4
BRH:4
end_of_record
TN:
SF:/mnt/c/Users/israe/Documents/Projects/PoissonDiscDistribution/lib/Vector2.ts
FN:1,(anonymous_0)
FN:12,Vector2
FN:17,(anonymous_2)
FN:24,(anonymous_3)
FNF:4
FNH:4
FNDA:2,(anonymous_0)
FNDA:14,Vector2
FNDA:28,(anonymous_2)
FNDA:1,(anonymous_3)
DA:1,2
DA:12,14
DA:13,14
DA:14,14
DA:17,2
DA:18,28
DA:24,2
DA:25,1
DA:26,1
DA:27,1
DA:28,1
DA:30,1
DA:33,2
LF:13
LH:13
BRF:0
BRH:0
end_of_record
